<?xml version="1.0" encoding="utf-8"?>
<!DOCTYPE coverage SYSTEM "http://cobertura.sourceforge.net/xml/coverage-04.dtd">
<coverage line-rate="0.842105263157895" branch-rate="0.833333333333333" lines-covered="16" lines-valid="19" branches-covered="5" branches-valid="6" complexity="10" version="0" timestamp="1720092879">
  <sources>
    <source>C:\</source>
  </sources>
  <packages>
    <package name="TestsForMethodsToTest" line-rate="0.909090909090909" branch-rate="1" complexity="3">
      <classes>
        <class name="AutoGeneratedProgram" filename="C:\Users\asus\.nuget\packages\microsoft.net.test.sdk\17.8.0\build\netcoreapp3.1\Microsoft.NET.Test.Sdk.Program.cs" line-rate="0" branch-rate="1" complexity="1">
          <methods>
            <method name="Main" signature="(...)" line-rate="0" branch-rate="1" complexity="1">
              <lines>
                <line number="4" hits="0" branch="false" />
              </lines>
            </method>
          </methods>
          <lines>
            <line number="4" hits="0" branch="false" />
          </lines>
        </class>
        <class name="TestsForMethodsToTest.FactorialTests" filename="C:\Stuart\Projects\nunit-csharp-samples-master\nunit-csharp-samples-master\TestsForMethodsToTest\UnitTest1.cs" line-rate="1" branch-rate="1" complexity="2">
          <methods>
            <method name="CheckFactorial" signature="()" line-rate="1" branch-rate="1" complexity="1">
              <lines>
                <line number="23" hits="5" branch="false" />
                <line number="24" hits="5" branch="false" />
                <line number="26" hits="5" branch="false" />
                <line number="27" hits="5" branch="false" />
                <line number="28" hits="5" branch="false" />
              </lines>
            </method>
            <method name=".ctor" signature="(...)" line-rate="1" branch-rate="1" complexity="1">
              <lines>
                <line number="14" hits="5" branch="false" />
                <line number="15" hits="5" branch="false" />
                <line number="16" hits="5" branch="false" />
                <line number="17" hits="5" branch="false" />
                <line number="18" hits="5" branch="false" />
              </lines>
            </method>
          </methods>
          <lines>
            <line number="14" hits="5" branch="false" />
            <line number="15" hits="5" branch="false" />
            <line number="16" hits="5" branch="false" />
            <line number="17" hits="5" branch="false" />
            <line number="18" hits="5" branch="false" />
            <line number="23" hits="5" branch="false" />
            <line number="24" hits="5" branch="false" />
            <line number="26" hits="5" branch="false" />
            <line number="27" hits="5" branch="false" />
            <line number="28" hits="5" branch="false" />
          </lines>
        </class>
      </classes>
    </package>
    <package name="WorkingCode" line-rate="0.75" branch-rate="0.833333333333333" complexity="7">
      <classes>
        <class name="Program" filename="C:\Stuart\Projects\nunit-csharp-samples-master\nunit-csharp-samples-master\WorkingCode\Program.cs" line-rate="0" branch-rate="1" complexity="1">
          <methods>
            <method name="&lt;Main&gt;$" signature="(...)" line-rate="0" branch-rate="1" complexity="1">
              <lines>
                <line number="2" hits="0" branch="false" />
              </lines>
            </method>
          </methods>
          <lines>
            <line number="2" hits="0" branch="false" />
          </lines>
        </class>
        <class name="WorkingCode.MethodsToBeTested" filename="C:\Stuart\Projects\nunit-csharp-samples-master\nunit-csharp-samples-master\WorkingCode\MethodsToBeTested.cs" line-rate="0.857142857142857" branch-rate="0.833333333333333" complexity="6">
          <methods>
            <method name="CalculateFactorial" signature="(...)" line-rate="0.857142857142857" branch-rate="0.833333333333333" complexity="6">
              <lines>
                <line number="12" hits="23" branch="false" />
                <line number="13" hits="23" branch="true" condition-coverage="50% (1/2)" />
                <line number="14" hits="0" branch="false" />
                <line number="15" hits="23" branch="true" condition-coverage="100% (4/4)" />
                <line number="16" hits="5" branch="false" />
                <line number="17" hits="18" branch="false" />
                <line number="18" hits="23" branch="false" />
              </lines>
            </method>
          </methods>
          <lines>
            <line number="12" hits="23" branch="false" />
            <line number="13" hits="23" branch="true" condition-coverage="50% (1/2)" />
            <line number="14" hits="0" branch="false" />
            <line number="15" hits="23" branch="true" condition-coverage="100% (4/4)" />
            <line number="16" hits="5" branch="false" />
            <line number="17" hits="18" branch="false" />
            <line number="18" hits="23" branch="false" />
          </lines>
        </class>
      </classes>
    </package>
  </packages>
</coverage>